MIF/HEX Update report for LCD_Driver
Sun Apr 05 19:27:19 2015
Quartus II 64-Bit Version 13.1.0 Build 162 10/23/2013 SJ Web Edition


---------------------
; Table of Contents ;
---------------------
  1. Legal Notice
  2. MIF/HEX Update Summary
  3. MIF/HEX Update Processed Files
  4. MIF/HEX Update Messages



----------------
; Legal Notice ;
----------------
Copyright (C) 1991-2013 Altera Corporation
Your use of Altera Corporation's design tools, logic functions 
and other software and tools, and its AMPP partner logic 
functions, and any output files from any of the foregoing 
(including device programming or simulation files), and any 
associated documentation or information are expressly subject 
to the terms and conditions of the Altera Program License 
Subscription Agreement, Altera MegaCore Function License 
Agreement, or other applicable license agreement, including, 
without limitation, that your use is for the sole purpose of 
programming logic devices manufactured by Altera and sold by 
Altera or its authorized distributors.  Please refer to the 
applicable agreement for further details.



+-----------------------------------------------------------+
; MIF/HEX Update Summary                                    ;
+-----------------------+-----------------------------------+
; MIF/HEX Update Status ; Failed - Sun Apr 05 19:27:19 2015 ;
; Revision Name         ; LCD_Driver                        ;
; Top-level Entity Name ; LCD_Driver                        ;
; Family                ; Cyclone III                       ;
; Device                ; EP3C16F484C6                      ;
+-----------------------+-----------------------------------+


+--------------------------------+
; MIF/HEX Update Processed Files ;
+--------------------------------+
; File Name                      ;
+--------------------------------+


+-------------------------+
; MIF/HEX Update Messages ;
+-------------------------+
Info: *******************************************************************
Info: Running Quartus II 64-Bit MIF/HEX Update
    Info: Version 13.1.0 Build 162 10/23/2013 SJ Web Edition
    Info: Processing started: Sun Apr 05 19:27:19 2015
Info: Command: quartus_cdb LCD_Driver -c LCD_Driver --update_mif
Critical Warning (127002): Can't read Memory Initialization File or Hexadecimal (Intel-Format) File C:/WORKING LCD/LCD_Driver_2/test2.hex -- setting all initial values to 0
Error (39022): Found no valid Memory Initialization File to process
Error: Quartus II 64-Bit MIF/HEX Update was unsuccessful. 1 error, 1 warning
    Error: Peak virtual memory: 458 megabytes
    Error: Processing ended: Sun Apr 05 19:27:19 2015
    Error: Elapsed time: 00:00:00
    Error: Total CPU time (on all processors): 00:00:00


