Flow report for LCD_Driver
Sun Jul 12 19:38:54 2015
Quartus II 64-Bit Version 13.1.0 Build 162 10/23/2013 SJ Web Edition


---------------------
; Table of Contents ;
---------------------
  1. Legal Notice
  2. Flow Summary
  3. Flow Settings
  4. Flow Non-Default Global Settings
  5. Flow Elapsed Time
  6. Flow OS Summary
  7. Flow Log
  8. Flow Messages
  9. Flow Suppressed Messages



----------------
; Legal Notice ;
----------------
Copyright (C) 1991-2013 Altera Corporation
Your use of Altera Corporation's design tools, logic functions 
and other software and tools, and its AMPP partner logic 
functions, and any output files from any of the foregoing 
(including device programming or simulation files), and any 
associated documentation or information are expressly subject 
to the terms and conditions of the Altera Program License 
Subscription Agreement, Altera MegaCore Function License 
Agreement, or other applicable license agreement, including, 
without limitation, that your use is for the sole purpose of 
programming logic devices manufactured by Altera and sold by 
Altera or its authorized distributors.  Please refer to the 
applicable agreement for further details.



+---------------------------------------------------------------------------------+
; Flow Summary                                                                    ;
+------------------------------------+--------------------------------------------+
; Flow Status                        ; Flow Failed - Sun Jul 12 19:38:54 2015     ;
; Quartus II 64-Bit Version          ; 13.1.0 Build 162 10/23/2013 SJ Web Edition ;
; Revision Name                      ; LCD_Driver                                 ;
; Top-level Entity Name              ; LCD_Driver                                 ;
; Family                             ; Cyclone IV E                               ;
; Device                             ; EP4CE6E22C8                                ;
; Timing Models                      ; Final                                      ;
; Total logic elements               ; 588                                        ;
;     Total combinational functions  ; 576 / 6,272 ( 9 % )                        ;
;     Dedicated logic registers      ; 156 / 6,272 ( 2 % )                        ;
; Total registers                    ; 156                                        ;
; Total pins                         ; 26 / 92 ( 28 % )                           ;
; Total virtual pins                 ; 0                                          ;
; Total memory bits                  ; 65,536 / 276,480 ( 24 % )                  ;
; Embedded Multiplier 9-bit elements ; 0 / 30 ( 0 % )                             ;
; Total PLLs                         ; 1 / 2 ( 50 % )                             ;
+------------------------------------+--------------------------------------------+


+-----------------------------------------+
; Flow Settings                           ;
+-------------------+---------------------+
; Option            ; Setting             ;
+-------------------+---------------------+
; Start date & time ; 07/12/2015 19:31:47 ;
; Main task         ; Compilation         ;
; Revision Name     ; LCD_Driver          ;
+-------------------+---------------------+


+------------------------------------------------------------------------------------------------------------------------+
; Flow Non-Default Global Settings                                                                                       ;
+-------------------------------------+---------------------------------------+---------------+-------------+------------+
; Assignment Name                     ; Value                                 ; Default Value ; Entity Name ; Section Id ;
+-------------------------------------+---------------------------------------+---------------+-------------+------------+
; COMPILER_SIGNATURE_ID               ; 9210271267999.143674750705776         ; --            ; --          ; --         ;
; IOBANK_VCCIO                        ; 1.2V                                  ; --            ; --          ; 3          ;
; IOBANK_VCCIO                        ; 1.2V                                  ; --            ; --          ; 4          ;
; IOBANK_VCCIO                        ; 1.2V                                  ; --            ; --          ; 5          ;
; IOBANK_VCCIO                        ; 1.2V                                  ; --            ; --          ; 6          ;
; IOBANK_VCCIO                        ; 1.2V                                  ; --            ; --          ; 7          ;
; IOBANK_VCCIO                        ; 1.2V                                  ; --            ; --          ; 8          ;
; IOBANK_VCCIO                        ; 1.2V                                  ; --            ; --          ; 2          ;
; IP_TOOL_NAME                        ; ALTPLL                                ; --            ; --          ; --         ;
; IP_TOOL_NAME                        ; RAM: 2-PORT                           ; --            ; --          ; --         ;
; IP_TOOL_VERSION                     ; 13.1                                  ; --            ; --          ; --         ;
; IP_TOOL_VERSION                     ; 13.1                                  ; --            ; --          ; --         ;
; MAX_CORE_JUNCTION_TEMP              ; 85                                    ; --            ; --          ; --         ;
; MIN_CORE_JUNCTION_TEMP              ; 0                                     ; --            ; --          ; --         ;
; MISC_FILE                           ; bit_clock_bb.v                        ; --            ; --          ; --         ;
; MISC_FILE                           ; bit_clock.ppf                         ; --            ; --          ; --         ;
; MISC_FILE                           ; RAM2port_bb.v                         ; --            ; --          ; --         ;
; OUTPUT_IO_TIMING_FAR_END_VMEAS      ; Half Signal Swing                     ; --            ; --          ; --         ;
; OUTPUT_IO_TIMING_FAR_END_VMEAS      ; Half Signal Swing                     ; --            ; --          ; --         ;
; OUTPUT_IO_TIMING_NEAR_END_VMEAS     ; Half Vccio                            ; --            ; --          ; --         ;
; OUTPUT_IO_TIMING_NEAR_END_VMEAS     ; Half Vccio                            ; --            ; --          ; --         ;
; PARTITION_COLOR                     ; 16764057                              ; --            ; --          ; Top        ;
; PARTITION_FITTER_PRESERVATION_LEVEL ; PLACEMENT_AND_ROUTING                 ; --            ; --          ; Top        ;
; PARTITION_NETLIST_TYPE              ; SOURCE                                ; --            ; --          ; Top        ;
; POWER_BOARD_THERMAL_MODEL           ; None (CONSERVATIVE)                   ; --            ; --          ; --         ;
; POWER_PRESET_COOLING_SOLUTION       ; 23 MM HEAT SINK WITH 200 LFPM AIRFLOW ; --            ; --          ; --         ;
; PROJECT_OUTPUT_DIRECTORY            ; output_files                          ; --            ; --          ; --         ;
; VERILOG_INPUT_VERSION               ; SystemVerilog_2005                    ; Verilog_2001  ; --          ; --         ;
; VERILOG_SHOW_LMF_MAPPING_MESSAGES   ; Off                                   ; --            ; --          ; --         ;
+-------------------------------------+---------------------------------------+---------------+-------------+------------+


+-----------------------------------------------------------------------------------------------------------------------------+
; Flow Elapsed Time                                                                                                           ;
+-------------------------+--------------+-------------------------+---------------------+------------------------------------+
; Module Name             ; Elapsed Time ; Average Processors Used ; Peak Virtual Memory ; Total CPU Time (on all processors) ;
+-------------------------+--------------+-------------------------+---------------------+------------------------------------+
; Analysis & Synthesis    ; 00:00:05     ; 1.0                     ; 491 MB              ; 00:00:05                           ;
; I/O Assignment Analysis ; 00:00:02     ; 1.0                     ; 570 MB              ; 00:00:02                           ;
; I/O Assignment Analysis ; 00:00:02     ; 1.0                     ; 560 MB              ; 00:00:02                           ;
; I/O Assignment Analysis ; 00:00:02     ; 1.0                     ; 560 MB              ; 00:00:02                           ;
; I/O Assignment Analysis ; 00:00:02     ; 1.0                     ; 560 MB              ; 00:00:02                           ;
; Total                   ; 00:00:13     ; --                      ; --                  ; 00:00:13                           ;
+-------------------------+--------------+-------------------------+---------------------+------------------------------------+


+--------------------------------------------------------------------------------------+
; Flow OS Summary                                                                      ;
+-------------------------+------------------+-----------+------------+----------------+
; Module Name             ; Machine Hostname ; OS Name   ; OS Version ; Processor type ;
+-------------------------+------------------+-----------+------------+----------------+
; Analysis & Synthesis    ; Parker-01        ; Windows 7 ; 6.1        ; x86_64         ;
; I/O Assignment Analysis ; Parker-01        ; Windows 7 ; 6.1        ; x86_64         ;
; I/O Assignment Analysis ; Parker-01        ; Windows 7 ; 6.1        ; x86_64         ;
; I/O Assignment Analysis ; Parker-01        ; Windows 7 ; 6.1        ; x86_64         ;
; I/O Assignment Analysis ; Parker-01        ; Windows 7 ; 6.1        ; x86_64         ;
+-------------------------+------------------+-----------+------------+----------------+


------------
; Flow Log ;
------------
quartus_map --read_settings_files=on --write_settings_files=off LCD_Driver -c LCD_Driver
quartus_fit --read_settings_files=off --write_settings_files=off LCD_Driver -c LCD_Driver --check_ios
quartus_fit --read_settings_files=on --write_settings_files=off LCD_Driver -c LCD_Driver --check_ios
quartus_fit --read_settings_files=on --write_settings_files=off LCD_Driver -c LCD_Driver --check_ios
quartus_fit --read_settings_files=on --write_settings_files=off LCD_Driver -c LCD_Driver --check_ios



