Flow report for LCD_DMD_driver
Mon Aug 15 21:08:00 2016
Quartus II 64-Bit Version 13.1.4 Build 182 03/12/2014 SJ Web Edition


---------------------
; Table of Contents ;
---------------------
  1. Legal Notice
  2. Flow Summary
  3. Flow Settings
  4. Flow Non-Default Global Settings
  5. Flow Elapsed Time
  6. Flow OS Summary
  7. Flow Log
  8. Flow Messages
  9. Flow Suppressed Messages



----------------
; Legal Notice ;
----------------
Copyright (C) 1991-2014 Altera Corporation
Your use of Altera Corporation's design tools, logic functions 
and other software and tools, and its AMPP partner logic 
functions, and any output files from any of the foregoing 
(including device programming or simulation files), and any 
associated documentation or information are expressly subject 
to the terms and conditions of the Altera Program License 
Subscription Agreement, Altera MegaCore Function License 
Agreement, or other applicable license agreement, including, 
without limitation, that your use is for the sole purpose of 
programming logic devices manufactured by Altera and sold by 
Altera or its authorized distributors.  Please refer to the 
applicable agreement for further details.



+---------------------------------------------------------------------------------+
; Flow Summary                                                                    ;
+------------------------------------+--------------------------------------------+
; Flow Status                        ; Successful - Mon Aug 15 21:07:56 2016      ;
; Quartus II 64-Bit Version          ; 13.1.4 Build 182 03/12/2014 SJ Web Edition ;
; Revision Name                      ; LCD_DMD_driver                             ;
; Top-level Entity Name              ; LCD_DMD_driver                             ;
; Family                             ; Cyclone IV E                               ;
; Device                             ; EP4CE6E22C8                                ;
; Timing Models                      ; Final                                      ;
; Total logic elements               ; 599 / 6,272 ( 10 % )                       ;
;     Total combinational functions  ; 568 / 6,272 ( 9 % )                        ;
;     Dedicated logic registers      ; 258 / 6,272 ( 4 % )                        ;
; Total registers                    ; 258                                        ;
; Total pins                         ; 26 / 92 ( 28 % )                           ;
; Total virtual pins                 ; 0                                          ;
; Total memory bits                  ; 131,072 / 276,480 ( 47 % )                 ;
; Embedded Multiplier 9-bit elements ; 0 / 30 ( 0 % )                             ;
; Total PLLs                         ; 1 / 2 ( 50 % )                             ;
+------------------------------------+--------------------------------------------+


+-----------------------------------------+
; Flow Settings                           ;
+-------------------+---------------------+
; Option            ; Setting             ;
+-------------------+---------------------+
; Start date & time ; 08/15/2016 21:07:42 ;
; Main task         ; Compilation         ;
; Revision Name     ; LCD_DMD_driver      ;
+-------------------+---------------------+


+------------------------------------------------------------------------------------------------------------------------+
; Flow Non-Default Global Settings                                                                                       ;
+-------------------------------------+---------------------------------------+---------------+-------------+------------+
; Assignment Name                     ; Value                                 ; Default Value ; Entity Name ; Section Id ;
+-------------------------------------+---------------------------------------+---------------+-------------+------------+
; COMPILER_SIGNATURE_ID               ; 207732461829729.147131326202916       ; --            ; --          ; --         ;
; ENABLE_SIGNALTAP                    ; On                                    ; --            ; --          ; --         ;
; IOBANK_VCCIO                        ; 2.5V                                  ; --            ; --          ; 5          ;
; IOBANK_VCCIO                        ; 2.5V                                  ; --            ; --          ; 4          ;
; IOBANK_VCCIO                        ; 2.5V                                  ; --            ; --          ; 3          ;
; IOBANK_VCCIO                        ; 2.5V                                  ; --            ; --          ; 7          ;
; IP_TOOL_NAME                        ; ALTPLL                                ; --            ; --          ; --         ;
; IP_TOOL_NAME                        ; RAM: 2-PORT                           ; --            ; --          ; --         ;
; IP_TOOL_VERSION                     ; 13.1                                  ; --            ; --          ; --         ;
; IP_TOOL_VERSION                     ; 13.1                                  ; --            ; --          ; --         ;
; MAX_CORE_JUNCTION_TEMP              ; 85                                    ; --            ; --          ; --         ;
; MIN_CORE_JUNCTION_TEMP              ; 0                                     ; --            ; --          ; --         ;
; MISC_FILE                           ; clocks_bb.v                           ; --            ; --          ; --         ;
; MISC_FILE                           ; clocks.ppf                            ; --            ; --          ; --         ;
; MISC_FILE                           ; ram_bb.v                              ; --            ; --          ; --         ;
; PARTITION_COLOR                     ; 16764057                              ; --            ; --          ; Top        ;
; PARTITION_FITTER_PRESERVATION_LEVEL ; PLACEMENT_AND_ROUTING                 ; --            ; --          ; Top        ;
; PARTITION_NETLIST_TYPE              ; SOURCE                                ; --            ; --          ; Top        ;
; POWER_BOARD_THERMAL_MODEL           ; None (CONSERVATIVE)                   ; --            ; --          ; --         ;
; POWER_PRESET_COOLING_SOLUTION       ; 23 MM HEAT SINK WITH 200 LFPM AIRFLOW ; --            ; --          ; --         ;
; PROJECT_OUTPUT_DIRECTORY            ; output_files                          ; --            ; --          ; --         ;
; USE_SIGNALTAP_FILE                  ; output_files/stp1.stp                 ; --            ; --          ; --         ;
; VERILOG_INPUT_VERSION               ; SystemVerilog_2005                    ; Verilog_2001  ; --          ; --         ;
; VERILOG_SHOW_LMF_MAPPING_MESSAGES   ; Off                                   ; --            ; --          ; --         ;
+-------------------------------------+---------------------------------------+---------------+-------------+------------+


+-------------------------------------------------------------------------------------------------------------------------------+
; Flow Elapsed Time                                                                                                             ;
+---------------------------+--------------+-------------------------+---------------------+------------------------------------+
; Module Name               ; Elapsed Time ; Average Processors Used ; Peak Virtual Memory ; Total CPU Time (on all processors) ;
+---------------------------+--------------+-------------------------+---------------------+------------------------------------+
; Analysis & Synthesis      ; 00:00:03     ; 1.0                     ; 527 MB              ; 00:00:03                           ;
; Fitter                    ; 00:00:07     ; 1.9                     ; 1100 MB             ; 00:00:08                           ;
; Assembler                 ; 00:00:01     ; 1.0                     ; 443 MB              ; 00:00:01                           ;
; TimeQuest Timing Analyzer ; 00:00:03     ; 1.0                     ; 513 MB              ; 00:00:03                           ;
; Total                     ; 00:00:14     ; --                      ; --                  ; 00:00:15                           ;
+---------------------------+--------------+-------------------------+---------------------+------------------------------------+


+----------------------------------------------------------------------------------------+
; Flow OS Summary                                                                        ;
+---------------------------+------------------+-----------+------------+----------------+
; Module Name               ; Machine Hostname ; OS Name   ; OS Version ; Processor type ;
+---------------------------+------------------+-----------+------------+----------------+
; Analysis & Synthesis      ; benheck-home     ; Windows 7 ; 6.1        ; x86_64         ;
; Fitter                    ; benheck-home     ; Windows 7 ; 6.1        ; x86_64         ;
; Assembler                 ; benheck-home     ; Windows 7 ; 6.1        ; x86_64         ;
; TimeQuest Timing Analyzer ; benheck-home     ; Windows 7 ; 6.1        ; x86_64         ;
+---------------------------+------------------+-----------+------------+----------------+


------------
; Flow Log ;
------------
quartus_map --read_settings_files=on --write_settings_files=off LCD_DMD_driver -c LCD_DMD_driver
quartus_fit --read_settings_files=off --write_settings_files=off LCD_DMD_driver -c LCD_DMD_driver
quartus_asm --read_settings_files=off --write_settings_files=off LCD_DMD_driver -c LCD_DMD_driver
quartus_sta LCD_DMD_driver -c LCD_DMD_driver



